<?xml version="1.0" encoding="UTF-8"?>
<!-- Generated by org.testng.reporters.JUnitReportReporter -->
<testsuite hostname="LAPTOP-LSUFQOCB" failures="0" tests="4" name="api.test.UserTests" time="11.634" errors="0" timestamp="2024-05-01T17:59:16 IST" skipped="0">
  <testcase classname="api.test.UserTests" name="testPostUser" time="4.922"/>
  <testcase classname="api.test.UserTests" name="testgetUserName" time="1.363"/>
  <testcase classname="api.test.UserTests" name="testUpdateUser" time="2.702"/>
  <testcase classname="api.test.UserTests" name="testDeleteUserByName" time="2.647"/>
</testsuite> <!-- api.test.UserTests -->
