<?xml version="1.0" encoding="UTF-8"?>
<!-- Generated by org.testng.reporters.JUnitReportReporter -->
<testsuite hostname="LAPTOP-LSUFQOCB" failures="0" tests="6" name="api.test.DDTests" time="9.694" errors="0" timestamp="2024-05-01T18:26:03 IST" skipped="0">
  <testcase classname="api.test.DDTests" name="testPostUser" time="1.318"/>
  <testcase classname="api.test.DDTests" name="testPostUser" time="1.271"/>
  <testcase classname="api.test.DDTests" name="testPostUser" time="3.264"/>
  <testcase classname="api.test.DDTests" name="testDeleteUserByName" time="1.319"/>
  <testcase classname="api.test.DDTests" name="testDeleteUserByName" time="1.240"/>
  <testcase classname="api.test.DDTests" name="testDeleteUserByName" time="1.282"/>
</testsuite> <!-- api.test.DDTests -->
