<?xml version="1.0" encoding="UTF-8"?>
<!-- Generated by org.testng.reporters.JUnitReportReporter -->
<testsuite hostname="LAPTOP-LSUFQOCB" failures="0" tests="4" name="api.test.UserTests2" time="11.792" errors="0" timestamp="2024-05-01T21:58:38 IST" skipped="0">
  <testcase classname="api.test.UserTests2" name="testPostUser" time="5.110"/>
  <testcase classname="api.test.UserTests2" name="testGetUserByName" time="1.942"/>
  <testcase classname="api.test.UserTests2" name="testUpdateUserByName" time="3.136"/>
  <testcase classname="api.test.UserTests2" name="testDeleteUserByName" time="1.604"/>
</testsuite> <!-- api.test.UserTests2 -->
