<?xml version="1.0" encoding="UTF-8"?>
<!-- Generated by org.testng.reporters.JUnitReportReporter -->
<testsuite hostname="LAPTOP-LSUFQOCB" failures="0" tests="6" name="api.test.DDTests" time="14.624" errors="0" timestamp="2024-05-01T22:01:16 IST" skipped="0">
  <testcase classname="api.test.DDTests" name="testPostUser" time="1.823"/>
  <testcase classname="api.test.DDTests" name="testPostUser" time="1.931"/>
  <testcase classname="api.test.DDTests" name="testPostUser" time="5.403"/>
  <testcase classname="api.test.DDTests" name="testDeleteUserByName" time="1.635"/>
  <testcase classname="api.test.DDTests" name="testDeleteUserByName" time="1.765"/>
  <testcase classname="api.test.DDTests" name="testDeleteUserByName" time="2.067"/>
</testsuite> <!-- api.test.DDTests -->
