<?xml version="1.0" encoding="UTF-8"?>
<!-- Generated by org.testng.reporters.JUnitReportReporter -->
<testsuite hostname="LAPTOP-LSUFQOCB" failures="0" tests="4" name="api.test.UserTests" time="10.453" errors="0" timestamp="2024-05-01T22:01:16 IST" skipped="0">
  <testcase classname="api.test.UserTests" name="testPostUser" time="1.605"/>
  <testcase classname="api.test.UserTests" name="testgetUserName" time="1.780"/>
  <testcase classname="api.test.UserTests" name="testUpdateUser" time="3.455"/>
  <testcase classname="api.test.UserTests" name="testDeleteUserByName" time="3.613"/>
</testsuite> <!-- api.test.UserTests -->
